 0: initializing aardvark ........................................................................
 0:   System Information:
 0:     System:      Microsoft Windows 10.0.22621
 0:     Processor:   12 core x64
 0:     Process:     x64
 0:     Framework:   .NET 6.0.20
 0:   skipped LoadNativeDependencies for System.Private.CoreLib, Version=6.0.0.0, Culture=neutral, PublicKeyToken=7cec85d7bea7798e
 0:   trying to load native dependencies for AardvarkSandbox, Version=1.0.0.0, Culture=neutral, PublicKeyToken=null
 0:     skipped LoadNativeDependencies for System.Text.RegularExpressions, Version=6.0.0.0, Culture=neutral, PublicKeyToken=b03f5f7f11d50a3a
 0:     skipped LoadNativeDependencies for System.IO.Compression, Version=6.0.0.0, Culture=neutral, PublicKeyToken=b77a5c561934e089
 0:     skipped LoadNativeDependencies for System.IO.Compression.ZipFile, Version=6.0.0.0, Culture=neutral, PublicKeyToken=b77a5c561934e089
 0:     skipped LoadNativeDependencies for System.Xml.XDocument, Version=6.0.0.0, Culture=neutral, PublicKeyToken=b03f5f7f11d50a3a
 0:     skipped LoadNativeDependencies for System.Private.Xml.Linq, Version=6.0.0.0, Culture=neutral, PublicKeyToken=cc7b13ffcd2ddd51
 0:     skipped LoadNativeDependencies for System.Private.Xml, Version=6.0.0.0, Culture=neutral, PublicKeyToken=cc7b13ffcd2ddd51
 0:     skipped LoadNativeDependencies for System.Runtime.InteropServices, Version=6.0.0.0, Culture=neutral, PublicKeyToken=b03f5f7f11d50a3a
 0:     skipped LoadNativeDependencies for System.Security.Cryptography.Algorithms, Version=6.0.0.0, Culture=neutral, PublicKeyToken=b03f5f7f11d50a3a
 0:     skipped LoadNativeDependencies for System.Security.Cryptography.Primitives, Version=6.0.0.0, Culture=neutral, PublicKeyToken=b03f5f7f11d50a3a
 0:   skipped LoadNativeDependencies for System.Runtime, Version=6.0.0.0, Culture=neutral, PublicKeyToken=b03f5f7f11d50a3a
 0:   trying to load native dependencies for Aardvark.Application.Slim.GL, Version=5.3.0.0, Culture=neutral, PublicKeyToken=null
 0:   skipped LoadNativeDependencies for netstandard, Version=2.1.0.0, Culture=neutral, PublicKeyToken=cc7b13ffcd2ddd51
 0:   trying to load native dependencies for Aardvark.Application, Version=5.3.0.0, Culture=neutral, PublicKeyToken=null
 0:   trying to load native dependencies for Aardvark.Rendering, Version=5.3.0.0, Culture=neutral, PublicKeyToken=null
 0:   trying to load native dependencies for Aardvark.Base, Version=5.2.0.0, Culture=neutral, PublicKeyToken=null
 0:   trying to load native dependencies for Aardvark.Base.Tensors.CSharp, Version=5.2.0.0, Culture=neutral, PublicKeyToken=null
 0:   trying to load native dependencies for FSharp.Core, Version=6.0.0.0, Culture=neutral, PublicKeyToken=b03f5f7f11d50a3a
 0:   trying to load native dependencies for Aardvark.Rendering.GL, Version=5.3.0.0, Culture=neutral, PublicKeyToken=null
 0:     Loading native dependencies for Aardvark.Rendering.GL, Version=5.3.0.0, Culture=neutral, PublicKeyToken=null 
 0:       found: linux/AMD64/glvm.so
 0:       found: mac/AMD64/glvm.dylib
 0:       found: mac/AMD64/libglvm.dylib
 0:       found: mac/ARM64/libglvm.dylib
 0:       found: windows/AMD64/glvm.dll
 0:       copy glvm.dll to C:\Users\pbrun\AppData\Local\Temp\aardvark-native\Aardvark.Rendering.GL-11362952-a4a0-f67f-1756-61424e5b81f8-64\glvm.dll
 0:       found: windows/AMD64/glvm.exp
 0:       copy glvm.exp to C:\Users\pbrun\AppData\Local\Temp\aardvark-native\Aardvark.Rendering.GL-11362952-a4a0-f67f-1756-61424e5b81f8-64\glvm.exp
 0:       found: windows/AMD64/glvm.lib
 0:       copy glvm.lib to C:\Users\pbrun\AppData\Local\Temp\aardvark-native\Aardvark.Rendering.GL-11362952-a4a0-f67f-1756-61424e5b81f8-64\glvm.lib
 0:       found: windows/AMD64/glvm.pdb
 0:       copy glvm.pdb to C:\Users\pbrun\AppData\Local\Temp\aardvark-native\Aardvark.Rendering.GL-11362952-a4a0-f67f-1756-61424e5b81f8-64\glvm.pdb
 0:       found: windows/x86/glvm.dll
 0:       found: windows/x86/glvm.exp
 0:       found: windows/x86/glvm.lib
 0:       found: windows/x86/glvm.pdb
 0:     Loading native dependencies for Aardvark.Rendering.GL, Version=5.3.0.0, Culture=neutral, PublicKeyToken=null 0.003 s
 0:   skipped LoadNativeDependencies for FSharp.Data.Adaptive, Version=1.2.0.0, Culture=neutral, PublicKeyToken=null
 0:   trying to load native dependencies for Aardvark.Base.Tensors, Version=5.2.0.0, Culture=neutral, PublicKeyToken=null
 0:   skipped LoadNativeDependencies for FShade.Imperative, Version=5.3.0.0, Culture=neutral, PublicKeyToken=null
 0:   skipped LoadNativeDependencies for FShade.Core, Version=5.3.0.0, Culture=neutral, PublicKeyToken=null
 0:   skipped LoadNativeDependencies for System.Console, Version=6.0.0.0, Culture=neutral, PublicKeyToken=b03f5f7f11d50a3a
 0:   skipped LoadNativeDependencies for System.Runtime.InteropServices.RuntimeInformation, Version=6.0.0.0, Culture=neutral, PublicKeyToken=b03f5f7f11d50a3a
 0:   skipped LoadNativeDependencies for System.Runtime.Extensions, Version=6.0.0.0, Culture=neutral, PublicKeyToken=b03f5f7f11d50a3a
 0:   skipped LoadNativeDependencies for System.Runtime.Loader, Version=6.0.0.0, Culture=neutral, PublicKeyToken=b03f5f7f11d50a3a
 0:   skipped LoadNativeDependencies for System.Collections, Version=6.0.0.0, Culture=neutral, PublicKeyToken=b03f5f7f11d50a3a
 0:   trying to load native dependencies for Aardvark.Base.Telemetry, Version=5.2.0.0, Culture=neutral, PublicKeyToken=null
 0:   skipped LoadNativeDependencies for System.Threading, Version=6.0.0.0, Culture=neutral, PublicKeyToken=b03f5f7f11d50a3a
 0:   skipped LoadNativeDependencies for System.Threading.Thread, Version=6.0.0.0, Culture=neutral, PublicKeyToken=b03f5f7f11d50a3a
 0:   skipped LoadNativeDependencies for System.Text.Encoding.Extensions, Version=6.0.0.0, Culture=neutral, PublicKeyToken=b03f5f7f11d50a3a
 0:   skipped LoadNativeDependencies for System.IO.FileSystem, Version=6.0.0.0, Culture=neutral, PublicKeyToken=b03f5f7f11d50a3a
 0:   skipped LoadNativeDependencies for System.Memory, Version=6.0.0.0, Culture=neutral, PublicKeyToken=cc7b13ffcd2ddd51
 0:   Loading plugins ............................................................................
 0:     using cache dir: C:\Users\pbrun\AppData\Local\Aardvark\Cache
 0:     [LoadPlugins] Using plugin cache file name: C:\Users\pbrun\AppData\Local\Aardvark\Cache\Plugins\AardvarkSandbox_1.0.0.0_plugins.bin
 0:     skipped LoadNativeDependencies for System.Linq, Version=6.0.0.0, Culture=neutral, PublicKeyToken=b03f5f7f11d50a3a
 0:     skipped LoadNativeDependencies for System.Runtime.Serialization.Formatters, Version=6.0.0.0, Culture=neutral, PublicKeyToken=b03f5f7f11d50a3a
 0:     skipped LoadNativeDependencies for mscorlib, Version=4.0.0.0, Culture=neutral, PublicKeyToken=b77a5c561934e089
 0:     skipped LoadNativeDependencies for System.Collections.Concurrent, Version=6.0.0.0, Culture=neutral, PublicKeyToken=b03f5f7f11d50a3a
 0:     [ReadCacheFile] loaded cache file: C:\Users\pbrun\AppData\Local\Aardvark\Cache\Plugins\AardvarkSandbox_1.0.0.0_plugins.bin
 0:     [GetPluginAssemblyPaths] Ignoring assembly FShade.Core due to filter
 0:     [GetPluginAssemblyPaths] Ignoring assembly FShade.GLSL due to filter
 0:     [GetPluginAssemblyPaths] Ignoring assembly FShade.Imperative due to filter
 0:     [GetPluginAssemblyPaths] Ignoring assembly FShade.SpirV due to filter
 0:     [GetPluginAssemblyPaths] Ignoring assembly FSharp.Data.Adaptive due to filter
 0:     [GetPluginAssemblyPaths] Ignoring assembly FsPickler due to filter
 0:     [GetPluginAssemblyPaths] Ignoring assembly LibTessDotNet due to filter
 0:     [GetPluginAssemblyPaths] Ignoring assembly Microsoft.DotNet.PlatformAbstractions due to filter
 0:     [GetPluginAssemblyPaths] Ignoring assembly Microsoft.Extensions.DependencyModel due to filter
 0:     [GetPluginAssemblyPaths] Ignoring assembly OpenTK due to filter
 0:     [GetPluginAssemblyPaths] Ignoring assembly SixLabors.ImageSharp due to filter
 0:     [GetPluginAssemblyPaths] cache found for: E:\Stuff\Git\AardvarkSandbox\bin\Debug\net6.0\Aardvark.Application.dll
 0:     [GetPluginAssemblyPaths] cache found for: E:\Stuff\Git\AardvarkSandbox\bin\Debug\net6.0\Aardvark.Application.Slim.dll
 0:     [GetPluginAssemblyPaths] cache found for: E:\Stuff\Git\AardvarkSandbox\bin\Debug\net6.0\Aardvark.Application.Slim.GL.dll
 0:     [GetPluginAssemblyPaths] cache found for: E:\Stuff\Git\AardvarkSandbox\bin\Debug\net6.0\Aardvark.Assembler.dll
 0:     [GetPluginAssemblyPaths] cache found for: E:\Stuff\Git\AardvarkSandbox\bin\Debug\net6.0\Aardvark.Base.dll
 0:     [GetPluginAssemblyPaths] cache found for: E:\Stuff\Git\AardvarkSandbox\bin\Debug\net6.0\Aardvark.Base.Essentials.dll
 0:     [GetPluginAssemblyPaths] cache found for: E:\Stuff\Git\AardvarkSandbox\bin\Debug\net6.0\Aardvark.Base.FSharp.dll
 0:     [GetPluginAssemblyPaths] cache found for: E:\Stuff\Git\AardvarkSandbox\bin\Debug\net6.0\Aardvark.Base.Incremental.dll
 0:     [GetPluginAssemblyPaths] cache found for: E:\Stuff\Git\AardvarkSandbox\bin\Debug\net6.0\Aardvark.Base.Runtime.dll
 0:     [GetPluginAssemblyPaths] cache found for: E:\Stuff\Git\AardvarkSandbox\bin\Debug\net6.0\Aardvark.Base.Telemetry.dll
 0:     [GetPluginAssemblyPaths] cache found for: E:\Stuff\Git\AardvarkSandbox\bin\Debug\net6.0\Aardvark.Base.Tensors.CSharp.dll
 0:     [GetPluginAssemblyPaths] cache found for: E:\Stuff\Git\AardvarkSandbox\bin\Debug\net6.0\Aardvark.Base.Tensors.dll
 0:     [GetPluginAssemblyPaths] cache found for: E:\Stuff\Git\AardvarkSandbox\bin\Debug\net6.0\Aardvark.Base.TypeProviders.dll
 0:     [GetPluginAssemblyPaths] cache found for: E:\Stuff\Git\AardvarkSandbox\bin\Debug\net6.0\Aardvark.Geometry.dll
 0:     [GetPluginAssemblyPaths] cache found for: E:\Stuff\Git\AardvarkSandbox\bin\Debug\net6.0\Aardvark.GPGPU.dll
 0:     [GetPluginAssemblyPaths] cache found for: E:\Stuff\Git\AardvarkSandbox\bin\Debug\net6.0\Aardvark.Rendering.dll
 0:     [GetPluginAssemblyPaths] cache found for: E:\Stuff\Git\AardvarkSandbox\bin\Debug\net6.0\Aardvark.Rendering.GL.dll
 0:     [GetPluginAssemblyPaths] cache found for: E:\Stuff\Git\AardvarkSandbox\bin\Debug\net6.0\Aardvark.SceneGraph.dll
 0:     [GetPluginAssemblyPaths] retrying to load because not in cache E:\Stuff\Git\AardvarkSandbox\bin\Debug\net6.0\AardvarkSandbox.dll
 0:     skipped LoadNativeDependencies for System.Reflection.Metadata, Version=6.0.0.0, Culture=neutral, PublicKeyToken=b03f5f7f11d50a3a
 0:     skipped LoadNativeDependencies for System.Collections.Immutable, Version=6.0.0.0, Culture=neutral, PublicKeyToken=b03f5f7f11d50a3a
 0:     [GetPluginAssemblyPaths] retrying to load because not in cache E:\Stuff\Git\AardvarkSandbox\bin\Debug\net6.0\AardvarkSandbox.exe
 0:     [GetPluginAssemblyPaths] cache found for: E:\Stuff\Git\AardvarkSandbox\bin\Debug\net6.0\FSharp.Core.dll
 0:     [GetPluginAssemblyPaths] cache found for: E:\Stuff\Git\AardvarkSandbox\bin\Debug\net6.0\Silk.NET.Core.dll
 0:     [GetPluginAssemblyPaths] cache found for: E:\Stuff\Git\AardvarkSandbox\bin\Debug\net6.0\Silk.NET.GLFW.dll
 0:     trying to load native dependencies for Aardvark.Base.FSharp, Version=5.2.0.0, Culture=neutral, PublicKeyToken=null
 0:   Loading plugins .................................................................... 0.033 s
 0:   [Introspection] Ignoring assembly System.Runtime due to filter
 0:   [Introspection] Ignoring assembly netstandard due to filter
 0:   [Introspection] Ignoring assembly System.Runtime.Numerics due to filter
 0:   [Introspection] Ignoring assembly FShade.Core due to filter
 0:   [Introspection] Ignoring assembly System.Runtime due to filter
 0:   [Introspection] Ignoring assembly System.Runtime.Extensions due to filter
 0:   [Introspection] Ignoring assembly System.Diagnostics.Debug due to filter
 0:   [Introspection] Ignoring assembly System.Collections.Concurrent due to filter
 0:   [Introspection] Ignoring assembly System.Collections due to filter
 0:   [Introspection] Ignoring assembly System.Threading.Tasks due to filter
 0:   [Introspection] Ignoring assembly System.Runtime.InteropServices due to filter
 0:   [Introspection] Ignoring assembly System.Security.Cryptography.Algorithms due to filter
 0:   [Introspection] Ignoring assembly System.Linq due to filter
 0:   [Introspection] Ignoring assembly System.Runtime.Serialization.Primitives due to filter
 0:   [Introspection] Ignoring assembly System.Xml.ReaderWriter due to filter
 0:   [Introspection] Ignoring assembly System.Collections.Immutable due to filter
 0:   [Introspection] Ignoring assembly System.Text.RegularExpressions due to filter
 0:   [Introspection] Ignoring assembly System.Runtime.Serialization.Formatters due to filter
 0:   [Introspection] Ignoring assembly System.Reflection.Metadata due to filter
 0:   [Introspection] Ignoring assembly System.Xml.XDocument due to filter
 0:   [Introspection] Ignoring assembly System.Runtime.InteropServices.RuntimeInformation due to filter
 0:   [Introspection] Ignoring assembly System.IO.Compression due to filter
 0:   [Introspection] Ignoring assembly System.Diagnostics.Process due to filter
 0:   [Introspection] Ignoring assembly System.Linq.Expressions due to filter
 0:   [Introspection] Ignoring assembly System.Text.Json due to filter
 0:   [Introspection] Ignoring assembly System.ObjectModel due to filter
 0:   [Introspection] Ignoring assembly System.ComponentModel.TypeConverter due to filter
 0:   [Introspection] Ignoring assembly System.Threading due to filter
 0:   [Introspection] Ignoring assembly netstandard due to filter
 0:   [Introspection] Ignoring assembly System.Console due to filter
 0:   [Introspection] Ignoring assembly System.ComponentModel.Primitives due to filter
 0:   [Introspection] Ignoring assembly System.Drawing.Primitives due to filter
 0:   [Introspection] Ignoring assembly System.Security.Cryptography.Primitives due to filter
 0:   [Introspection] Ignoring assembly System.Net.WebClient due to filter
 0:   [Introspection] Ignoring assembly System.IO.FileSystem due to filter
 0:   [Introspection] Ignoring assembly System.Runtime.Loader due to filter
 0:   [Introspection] Ignoring assembly System.IO.Compression.ZipFile due to filter
 0:   [Introspection] Ignoring assembly System.Runtime.Intrinsics due to filter
 0:   [Introspection] Ignoring assembly System.Threading.Thread due to filter
 0:   [Introspection] Ignoring assembly System.Diagnostics.StackTrace due to filter
 0:   [Introspection] Ignoring assembly netstandard due to filter
 0:   [Introspection] Ignoring assembly FShade.Imperative due to filter
 0:   [Introspection] Ignoring assembly netstandard due to filter
 0:   [Introspection] Ignoring assembly netstandard due to filter
 0:   [Introspection] Ignoring assembly FSharp.Data.Adaptive due to filter
 0:   [Introspection] Ignoring assembly netstandard due to filter
 0:   [Introspection] Ignoring assembly FSharp.Data.Adaptive due to filter
 0:   [Introspection] Ignoring assembly netstandard due to filter
 0:   [Introspection] Ignoring assembly FsPickler due to filter
 0:   [Introspection] Ignoring assembly FSharp.Data.Adaptive due to filter
 0:   [Introspection] Ignoring assembly System.Reflection.Emit due to filter
 0:   [Introspection] Ignoring assembly System.Reflection.Emit.ILGeneration due to filter
 0:   [Introspection] Ignoring assembly System.Reflection.Emit.Lightweight due to filter
 0:   trying to load native dependencies for Aardvark.Base.TypeProviders, Version=1.0.0.0, Culture=neutral, PublicKeyToken=null
 0:   [Introspection] Ignoring assembly netstandard due to filter
 0:   [Introspection] Ignoring assembly System.Runtime due to filter
 0:   [Introspection] Ignoring assembly System.Reflection due to filter
 0:   [Introspection] Ignoring assembly System.Runtime due to filter
 0:   [Introspection] Ignoring assembly FShade.Core due to filter
 0:   [Introspection] Ignoring assembly FShade.Imperative due to filter
 0:   [Introspection] Ignoring assembly System.Reflection.Emit due to filter
 0:   [Introspection] Ignoring assembly netstandard due to filter
 0:   [Introspection] Ignoring assembly FShade.GLSL due to filter
 0:   [Introspection] Ignoring assembly netstandard due to filter
 0:   [Introspection] Ignoring assembly SixLabors.ImageSharp due to filter
 0:   [Introspection] Ignoring assembly System.Memory due to filter
 0:   trying to load native dependencies for Aardvark.Base.Incremental, Version=5.2.0.0, Culture=neutral, PublicKeyToken=null
 0:   [Introspection] Ignoring assembly netstandard due to filter
 0:   [Introspection] Ignoring assembly FSharp.Data.Adaptive due to filter
 0:   [Introspection] Ignoring assembly System.Reflection.Emit.Lightweight due to filter
 0:   [Introspection] Ignoring assembly System.Reflection.Emit.ILGeneration due to filter
 0:   [Introspection] Ignoring assembly System.Runtime due to filter
 0:   trying to load native dependencies for Aardvark.Base.Essentials, Version=5.2.0.0, Culture=neutral, PublicKeyToken=null
 0:   [Introspection] Ignoring assembly netstandard due to filter
 0:   [Introspection] Ignoring assembly System.Collections.Immutable due to filter
 0:   [Introspection] Ignoring assembly OpenTK due to filter
 0:   [Introspection] Ignoring assembly netstandard due to filter
 0:   [Introspection] Ignoring assembly FSharp.Data.Adaptive due to filter
 0:   [Introspection] Ignoring assembly FShade.GLSL due to filter
 0:   [Introspection] Ignoring assembly OpenTK due to filter
 0:   trying to load native dependencies for Aardvark.Geometry, Version=5.2.0.0, Culture=neutral, PublicKeyToken=null
 0:   [Introspection] Ignoring assembly netstandard due to filter
 0:   [Introspection] Ignoring assembly FSharp.Data.Adaptive due to filter
 0:   [Introspection] Ignoring assembly LibTessDotNet due to filter
 0:   trying to load native dependencies for Aardvark.Base.Runtime, Version=5.2.0.0, Culture=neutral, PublicKeyToken=null
 0:   [Introspection] Ignoring assembly netstandard due to filter
 0:   [Introspection] Ignoring assembly FSharp.Data.Adaptive due to filter
 0:   [Introspection] Ignoring assembly System.Reflection.Emit due to filter
 0:   [Introspection] Ignoring assembly System.Reflection.Emit.Lightweight due to filter
 0:   [Introspection] Ignoring assembly System.Reflection.Emit.ILGeneration due to filter
 0:   [Introspection] Ignoring assembly FShade.Core due to filter
 0:   trying to load native dependencies for Aardvark.Assembler, Version=0.0.0.0, Culture=neutral, PublicKeyToken=null
 0:     Loading native dependencies for Aardvark.Assembler, Version=0.0.0.0, Culture=neutral, PublicKeyToken=null 
 0:       found: linux/AMD64/libjitmem.so
 0:       found: mac/AMD64/libjitmem.dylib
 0:       found: mac/ARM64/libjitmem.dylib
 0:       found: windows/AMD64/jitmem.dll
 0:       copy jitmem.dll to C:\Users\pbrun\AppData\Local\Temp\aardvark-native\Aardvark.Assembler-d2b38959-68c0-cbcf-c3e4-1fc662610422-64\jitmem.dll
 0:       found: windows/AMD64/jitmem.lib
 0:       copy jitmem.lib to C:\Users\pbrun\AppData\Local\Temp\aardvark-native\Aardvark.Assembler-d2b38959-68c0-cbcf-c3e4-1fc662610422-64\jitmem.lib
 0:     Loading native dependencies for Aardvark.Assembler, Version=0.0.0.0, Culture=neutral, PublicKeyToken=null 0.000 s
 0:   [Introspection] Ignoring assembly netstandard due to filter
 0:   [Introspection] Ignoring assembly FSharp.Data.Adaptive due to filter
 0:   [Introspection] Ignoring assembly System.Memory due to filter
 0:   [Introspection] Ignoring assembly System.Runtime.CompilerServices.Unsafe due to filter
 0:   [Introspection] Ignoring assembly FShade.Imperative due to filter
 0:   [Introspection] Ignoring assembly System.Memory due to filter
 0:   [Introspection] Ignoring assembly FsPickler due to filter
 0:   trying to load native dependencies for Aardvark.Application.Slim, Version=5.3.0.0, Culture=neutral, PublicKeyToken=null
 0:     Loading native dependencies for Aardvark.Application.Slim, Version=5.3.0.0, Culture=neutral, PublicKeyToken=null 
 0:       found: linux/AMD64/libglfw.so.3
 0:       found: mac/AMD64/compileInfo.txt
 0:       found: mac/AMD64/libglfw.3.dylib
 0:       found: mac/AMD64/libglfw.dylib
 0:       found: mac/AMD64/LICENSE.txt
 0:       found: mac/ARM64/compileInfo.txt
 0:       found: mac/ARM64/libglfw.3.dylib
 0:       found: mac/ARM64/libglfw.dylib
 0:       found: mac/ARM64/LICENSE.txt
 0:       found: windows/AMD64/glfw3.dll
 0:       copy glfw3.dll to C:\Users\pbrun\AppData\Local\Temp\aardvark-native\Aardvark.Application.Slim-b74c47bd-3c69-720e-3bc7-c91f2911c2e2-64\glfw3.dll
 0:       found: windows/x86/glfw3.dll
 0:     Loading native dependencies for Aardvark.Application.Slim, Version=5.3.0.0, Culture=neutral, PublicKeyToken=null 0.000 s
 0:   [Introspection] Ignoring assembly netstandard due to filter
 0:   [Introspection] Ignoring assembly FSharp.Data.Adaptive due to filter
 0:   trying to load native dependencies for Silk.NET.GLFW, Version=2.15.0.0, Culture=neutral, PublicKeyToken=null
 0:   [Introspection] Ignoring assembly System.Runtime due to filter
 0:   trying to load native dependencies for Silk.NET.Core, Version=2.15.0.0, Culture=neutral, PublicKeyToken=null
 0:   [Introspection] Ignoring assembly System.Runtime due to filter
 0:   [Introspection] Ignoring assembly System.Runtime.InteropServices due to filter
 0:   [Introspection] Ignoring assembly System.Collections.Concurrent due to filter
 0:   [Introspection] Ignoring assembly System.Collections due to filter
 0:   [Introspection] Ignoring assembly Microsoft.DotNet.PlatformAbstractions due to filter
 0:   [Introspection] Ignoring assembly Microsoft.Extensions.DependencyModel due to filter
 0:   [Introspection] Ignoring assembly System.Runtime.CompilerServices.Unsafe due to filter
 0:   [Introspection] Ignoring assembly System.Threading due to filter
 0:   [Introspection] Ignoring assembly System.Threading.Thread due to filter
 0:   [Introspection] Ignoring assembly System.Memory due to filter
 0:   [Introspection] Ignoring assembly System.Runtime.InteropServices.RuntimeInformation due to filter
 0:   [Introspection] Ignoring assembly System.Linq due to filter
 0:   [Introspection] Ignoring assembly System.Diagnostics.Process due to filter
 0:   [Introspection] Ignoring assembly System.Collections due to filter
 0:   [Introspection] Ignoring assembly System.Runtime.InteropServices due to filter
 0:   [Introspection] Ignoring assembly System.Runtime.InteropServices.RuntimeInformation due to filter
 0:   [Introspection] Ignoring assembly System.Memory due to filter
 0:   [Introspection] Ignoring assembly FSharp.Data.Adaptive due to filter
 0:     [cache miss] AardvarkSandbox, Version=1.0.0.0, Culture=neutral, PublicKeyToken=null
 0:     [cache hit ] FSharp.Core, Version=6.0.0.0, Culture=neutral, PublicKeyToken=b03f5f7f11d50a3a
 0:     [cache hit ] Aardvark.Base, Version=5.2.0.0, Culture=neutral, PublicKeyToken=null
 0:   initializing Constants ............................................................. 0.005 s
 0:     [cache hit ] Aardvark.Base.Telemetry, Version=5.2.0.0, Culture=neutral, PublicKeyToken=null
 0:     [cache hit ] Aardvark.Application.Slim.GL, Version=5.3.0.0, Culture=neutral, PublicKeyToken=null
 0:     [cache hit ] Aardvark.Application, Version=5.3.0.0, Culture=neutral, PublicKeyToken=null
 0:     [cache hit ] Aardvark.Rendering, Version=5.3.0.0, Culture=neutral, PublicKeyToken=null
 0:     [cache hit ] Aardvark.Base.FSharp, Version=5.2.0.0, Culture=neutral, PublicKeyToken=null
 0:   initializing CustomPicklerProvider .........................................................
 0:     skipped LoadNativeDependencies for FsPickler, Version=5.3.2.0, Culture=neutral, PublicKeyToken=null
 0:     [cache miss] AardvarkSandbox, Version=1.0.0.0, Culture=neutral, PublicKeyToken=null
 0:     [cache hit ] FSharp.Core, Version=6.0.0.0, Culture=neutral, PublicKeyToken=b03f5f7f11d50a3a
 0:     [cache hit ] Aardvark.Base, Version=5.2.0.0, Culture=neutral, PublicKeyToken=null
 0:     [cache hit ] Aardvark.Base.Telemetry, Version=5.2.0.0, Culture=neutral, PublicKeyToken=null
 0:     [cache hit ] Aardvark.Application.Slim.GL, Version=5.3.0.0, Culture=neutral, PublicKeyToken=null
 0:     [cache hit ] Aardvark.Application, Version=5.3.0.0, Culture=neutral, PublicKeyToken=null
 0:     [cache hit ] Aardvark.Rendering, Version=5.3.0.0, Culture=neutral, PublicKeyToken=null
 0:     [cache hit ] Aardvark.Base.FSharp, Version=5.2.0.0, Culture=neutral, PublicKeyToken=null
 0:     [cache hit ] Aardvark.Base.TypeProviders, Version=1.0.0.0, Culture=neutral, PublicKeyToken=null
 0:     [cache hit ] Aardvark.Base.Tensors.CSharp, Version=5.2.0.0, Culture=neutral, PublicKeyToken=null
 0:     [cache hit ] Aardvark.Base.Tensors, Version=5.2.0.0, Culture=neutral, PublicKeyToken=null
 0:     [cache hit ] Aardvark.Base.Incremental, Version=5.2.0.0, Culture=neutral, PublicKeyToken=null
 0:     [cache hit ] Aardvark.Base.Essentials, Version=5.2.0.0, Culture=neutral, PublicKeyToken=null
 0:     [cache hit ] Aardvark.Rendering.GL, Version=5.3.0.0, Culture=neutral, PublicKeyToken=null
 0:     [cache hit ] Aardvark.Geometry, Version=5.2.0.0, Culture=neutral, PublicKeyToken=null
 0:     [cache hit ] Aardvark.Base.Runtime, Version=5.2.0.0, Culture=neutral, PublicKeyToken=null
 0:     [cache hit ] Aardvark.Assembler, Version=0.0.0.0, Culture=neutral, PublicKeyToken=null
 0:     [cache hit ] Aardvark.Application.Slim, Version=5.3.0.0, Culture=neutral, PublicKeyToken=null
 0:     [cache hit ] Silk.NET.GLFW, Version=2.15.0.0, Culture=neutral, PublicKeyToken=null
 0:     [cache hit ] Silk.NET.Core, Version=2.15.0.0, Culture=neutral, PublicKeyToken=null
 0:     installing pickler: Aardvark.Base.Picklers.AdaptivePicklers
 0:   initializing CustomPicklerProvider ................................................. 0.022 s
 0:     [cache hit ] Aardvark.Base.TypeProviders, Version=1.0.0.0, Culture=neutral, PublicKeyToken=null
 0:     [cache hit ] Aardvark.Base.Tensors.CSharp, Version=5.2.0.0, Culture=neutral, PublicKeyToken=null
 0:     [cache hit ] Aardvark.Base.Tensors, Version=5.2.0.0, Culture=neutral, PublicKeyToken=null
 0:   initializing PixImageSharp .................................................................
 0:     skipped LoadNativeDependencies for SixLabors.ImageSharp, Version=2.0.0.0, Culture=neutral, PublicKeyToken=d998eea7b14cab13
 0:     skipped LoadNativeDependencies for System.Numerics.Vectors, Version=6.0.0.0, Culture=neutral, PublicKeyToken=b03f5f7f11d50a3a
 0:   initializing PixImageSharp ......................................................... 0.020 s
 0:     [cache hit ] Aardvark.Base.Incremental, Version=5.2.0.0, Culture=neutral, PublicKeyToken=null
 0:     [cache hit ] Aardvark.Base.Essentials, Version=5.2.0.0, Culture=neutral, PublicKeyToken=null
 0:     [cache hit ] Aardvark.Rendering.GL, Version=5.3.0.0, Culture=neutral, PublicKeyToken=null
 0:     [cache hit ] Aardvark.Geometry, Version=5.2.0.0, Culture=neutral, PublicKeyToken=null
 0:     [cache hit ] Aardvark.Base.Runtime, Version=5.2.0.0, Culture=neutral, PublicKeyToken=null
 0:     [cache hit ] Aardvark.Assembler, Version=0.0.0.0, Culture=neutral, PublicKeyToken=null
 0:     [cache hit ] Aardvark.Application.Slim, Version=5.3.0.0, Culture=neutral, PublicKeyToken=null
 0:     [cache hit ] Silk.NET.GLFW, Version=2.15.0.0, Culture=neutral, PublicKeyToken=null
 0:     [cache hit ] Silk.NET.Core, Version=2.15.0.0, Culture=neutral, PublicKeyToken=null
 0: initializing aardvark ........................................................ [0.08x] 0.145 s
 0: probing paths for nvapi64
 0:   E:\Stuff\Git\AardvarkSandbox\bin\Debug\net6.0
 0:   C:\Users\pbrun\AppData\Local\Temp\aardvark-native\Aardvark.Rendering.GL-11362952-a4a0-f67f-1756-61424e5b81f8-64
 0:   C:\Users\pbrun\AppData\Local\Temp\aardvark-native\Aardvark.Assembler-d2b38959-68c0-cbcf-c3e4-1fc662610422-64
 0:   C:\Users\pbrun\AppData\Local\Temp\aardvark-native\Aardvark.Application.Slim-b74c47bd-3c69-720e-3bc7-c91f2911c2e2-64
 0: [Introspection] loaded native library nvapi64.dll from nvapi64.dll
 0: skipped LoadNativeDependencies for OpenTK, Version=1.0.0.0, Culture=neutral, PublicKeyToken=bad199fe84eb3df4
 0: skipped LoadNativeDependencies for System.Diagnostics.Process, Version=6.0.0.0, Culture=neutral, PublicKeyToken=b03f5f7f11d50a3a
 0: skipped LoadNativeDependencies for System.ComponentModel.Primitives, Version=6.0.0.0, Culture=neutral, PublicKeyToken=b03f5f7f11d50a3a
 0: skipped LoadNativeDependencies for System.Collections.NonGeneric, Version=6.0.0.0, Culture=neutral, PublicKeyToken=b03f5f7f11d50a3a
 0: skipped LoadNativeDependencies for Microsoft.Win32.Primitives, Version=6.0.0.0, Culture=neutral, PublicKeyToken=b03f5f7f11d50a3a
 0: skipped LoadNativeDependencies for Microsoft.DotNet.PlatformAbstractions, Version=3.1.6.0, Culture=neutral, PublicKeyToken=adb9793829ddae60
 0: skipped LoadNativeDependencies for Microsoft.Extensions.DependencyModel, Version=5.0.0.0, Culture=neutral, PublicKeyToken=adb9793829ddae60
 0: skipped LoadNativeDependencies for System.Text.Json, Version=6.0.0.0, Culture=neutral, PublicKeyToken=cc7b13ffcd2ddd51
 0: skipped LoadNativeDependencies for System.Buffers, Version=6.0.0.0, Culture=neutral, PublicKeyToken=cc7b13ffcd2ddd51
 0: skipped LoadNativeDependencies for System.Runtime.CompilerServices.Unsafe, Version=6.0.0.0, Culture=neutral, PublicKeyToken=b03f5f7f11d50a3a
 0: OpenGL 4.6 working
 0: skipped LoadNativeDependencies for System.Threading.Timer, Version=6.0.0.0, Culture=neutral, PublicKeyToken=b03f5f7f11d50a3a
 0: skipped LoadNativeDependencies for System.Runtime.Intrinsics, Version=6.0.0.0, Culture=neutral, PublicKeyToken=cc7b13ffcd2ddd51
 0: skipped LoadNativeDependencies for System.Drawing.Primitives, Version=6.0.0.0, Culture=neutral, PublicKeyToken=b03f5f7f11d50a3a
 0: skipped LoadNativeDependencies for System.Reflection.Emit.Lightweight, Version=6.0.0.0, Culture=neutral, PublicKeyToken=b03f5f7f11d50a3a
 0: skipped LoadNativeDependencies for System.Reflection.Emit.ILGeneration, Version=6.0.0.0, Culture=neutral, PublicKeyToken=b03f5f7f11d50a3a
 0: skipped LoadNativeDependencies for System.Reflection.Primitives, Version=6.0.0.0, Culture=neutral, PublicKeyToken=b03f5f7f11d50a3a
 0: probing paths for glvm
 0:   E:\Stuff\Git\AardvarkSandbox\bin\Debug\net6.0
 0:   C:\Users\pbrun\AppData\Local\Temp\aardvark-native\Aardvark.Rendering.GL-11362952-a4a0-f67f-1756-61424e5b81f8-64
 0: [Introspection] loaded native library glvm from C:\Users\pbrun\AppData\Local\Temp\aardvark-native\Aardvark.Rendering.GL-11362952-a4a0-f67f-1756-61424e5b81f8-64\glvm.dll
 0: skipped LoadNativeDependencies for FShade.GLSL, Version=5.3.0.0, Culture=neutral, PublicKeyToken=null
 0: initializing OpenGL runtime ..................................................................
 0:   [GL] vendor: NVIDIA Corporation
 0:   [GL] renderer: NVIDIA GeForce GTX 1080 Ti/PCIe/SSE2
 0:   [GL] version: 4.6.0 NVIDIA 536.40
 0:   [GL] profileMask: 1
 0:   [GL] contextFlags: 13
 0:   [GL] extensions
 0:     GL_AMD_multi_draw_indirect
 0:     GL_AMD_seamless_cubemap_per_texture
 0:     GL_AMD_vertex_shader_viewport_index
 0:     GL_AMD_vertex_shader_layer
 0:     GL_ARB_arrays_of_arrays
 0:     GL_ARB_base_instance
 0:     GL_ARB_bindless_texture
 0:     GL_ARB_blend_func_extended
 0:     GL_ARB_buffer_storage
 0:     GL_ARB_clear_buffer_object
 0:     GL_ARB_clear_texture
 0:     GL_ARB_clip_control
 0:     GL_ARB_color_buffer_float
 0:     GL_ARB_compressed_texture_pixel_storage
 0:     GL_ARB_conservative_depth
 0:     GL_ARB_compute_shader
 0:     GL_ARB_compute_variable_group_size
 0:     GL_ARB_conditional_render_inverted
 0:     GL_ARB_copy_buffer
 0:     GL_ARB_copy_image
 0:     GL_ARB_cull_distance
 0:     GL_ARB_debug_output
 0:     GL_ARB_depth_buffer_float
 0:     GL_ARB_depth_clamp
 0:     GL_ARB_depth_texture
 0:     GL_ARB_derivative_control
 0:     GL_ARB_direct_state_access
 0:     GL_ARB_draw_buffers
 0:     GL_ARB_draw_buffers_blend
 0:     GL_ARB_draw_indirect
 0:     GL_ARB_draw_elements_base_vertex
 0:     GL_ARB_draw_instanced
 0:     GL_ARB_enhanced_layouts
 0:     GL_ARB_ES2_compatibility
 0:     GL_ARB_ES3_compatibility
 0:     GL_ARB_ES3_1_compatibility
 0:     GL_ARB_ES3_2_compatibility
 0:     GL_ARB_explicit_attrib_location
 0:     GL_ARB_explicit_uniform_location
 0:     GL_ARB_fragment_coord_conventions
 0:     GL_ARB_fragment_layer_viewport
 0:     GL_ARB_fragment_program
 0:     GL_ARB_fragment_program_shadow
 0:     GL_ARB_fragment_shader
 0:     GL_ARB_fragment_shader_interlock
 0:     GL_ARB_framebuffer_no_attachments
 0:     GL_ARB_framebuffer_object
 0:     GL_ARB_framebuffer_sRGB
 0:     GL_ARB_geometry_shader4
 0:     GL_ARB_get_program_binary
 0:     GL_ARB_get_texture_sub_image
 0:     GL_ARB_gl_spirv
 0:     GL_ARB_gpu_shader5
 0:     GL_ARB_gpu_shader_fp64
 0:     GL_ARB_gpu_shader_int64
 0:     GL_ARB_half_float_pixel
 0:     GL_ARB_half_float_vertex
 0:     GL_ARB_imaging
 0:     GL_ARB_indirect_parameters
 0:     GL_ARB_instanced_arrays
 0:     GL_ARB_internalformat_query
 0:     GL_ARB_internalformat_query2
 0:     GL_ARB_invalidate_subdata
 0:     GL_ARB_map_buffer_alignment
 0:     GL_ARB_map_buffer_range
 0:     GL_ARB_multi_bind
 0:     GL_ARB_multi_draw_indirect
 0:     GL_ARB_multisample
 0:     GL_ARB_multitexture
 0:     GL_ARB_occlusion_query
 0:     GL_ARB_occlusion_query2
 0:     GL_ARB_parallel_shader_compile
 0:     GL_ARB_pipeline_statistics_query
 0:     GL_ARB_pixel_buffer_object
 0:     GL_ARB_point_parameters
 0:     GL_ARB_point_sprite
 0:     GL_ARB_polygon_offset_clamp
 0:     GL_ARB_post_depth_coverage
 0:     GL_ARB_program_interface_query
 0:     GL_ARB_provoking_vertex
 0:     GL_ARB_query_buffer_object
 0:     GL_ARB_robust_buffer_access_behavior
 0:     GL_ARB_robustness
 0:     GL_ARB_sample_locations
 0:     GL_ARB_sample_shading
 0:     GL_ARB_sampler_objects
 0:     GL_ARB_seamless_cube_map
 0:     GL_ARB_seamless_cubemap_per_texture
 0:     GL_ARB_separate_shader_objects
 0:     GL_ARB_shader_atomic_counter_ops
 0:     GL_ARB_shader_atomic_counters
 0:     GL_ARB_shader_ballot
 0:     GL_ARB_shader_bit_encoding
 0:     GL_ARB_shader_clock
 0:     GL_ARB_shader_draw_parameters
 0:     GL_ARB_shader_group_vote
 0:     GL_ARB_shader_image_load_store
 0:     GL_ARB_shader_image_size
 0:     GL_ARB_shader_objects
 0:     GL_ARB_shader_precision
 0:     GL_ARB_shader_storage_buffer_object
 0:     GL_ARB_shader_subroutine
 0:     GL_ARB_shader_texture_image_samples
 0:     GL_ARB_shader_texture_lod
 0:     GL_ARB_shading_language_100
 0:     GL_ARB_shader_viewport_layer_array
 0:     GL_ARB_shading_language_420pack
 0:     GL_ARB_shading_language_include
 0:     GL_ARB_shading_language_packing
 0:     GL_ARB_shadow
 0:     GL_ARB_sparse_buffer
 0:     GL_ARB_sparse_texture
 0:     GL_ARB_sparse_texture2
 0:     GL_ARB_sparse_texture_clamp
 0:     GL_ARB_spirv_extensions
 0:     GL_ARB_stencil_texturing
 0:     GL_ARB_sync
 0:     GL_ARB_tessellation_shader
 0:     GL_ARB_texture_barrier
 0:     GL_ARB_texture_border_clamp
 0:     GL_ARB_texture_buffer_object
 0:     GL_ARB_texture_buffer_object_rgb32
 0:     GL_ARB_texture_buffer_range
 0:     GL_ARB_texture_compression
 0:     GL_ARB_texture_compression_bptc
 0:     GL_ARB_texture_compression_rgtc
 0:     GL_ARB_texture_cube_map
 0:     GL_ARB_texture_cube_map_array
 0:     GL_ARB_texture_env_add
 0:     GL_ARB_texture_env_combine
 0:     GL_ARB_texture_env_crossbar
 0:     GL_ARB_texture_env_dot3
 0:     GL_ARB_texture_filter_anisotropic
 0:     GL_ARB_texture_filter_minmax
 0:     GL_ARB_texture_float
 0:     GL_ARB_texture_gather
 0:     GL_ARB_texture_mirror_clamp_to_edge
 0:     GL_ARB_texture_mirrored_repeat
 0:     GL_ARB_texture_multisample
 0:     GL_ARB_texture_non_power_of_two
 0:     GL_ARB_texture_query_levels
 0:     GL_ARB_texture_query_lod
 0:     GL_ARB_texture_rectangle
 0:     GL_ARB_texture_rg
 0:     GL_ARB_texture_rgb10_a2ui
 0:     GL_ARB_texture_stencil8
 0:     GL_ARB_texture_storage
 0:     GL_ARB_texture_storage_multisample
 0:     GL_ARB_texture_swizzle
 0:     GL_ARB_texture_view
 0:     GL_ARB_timer_query
 0:     GL_ARB_transform_feedback2
 0:     GL_ARB_transform_feedback3
 0:     GL_ARB_transform_feedback_instanced
 0:     GL_ARB_transform_feedback_overflow_query
 0:     GL_ARB_transpose_matrix
 0:     GL_ARB_uniform_buffer_object
 0:     GL_ARB_vertex_array_bgra
 0:     GL_ARB_vertex_array_object
 0:     GL_ARB_vertex_attrib_64bit
 0:     GL_ARB_vertex_attrib_binding
 0:     GL_ARB_vertex_buffer_object
 0:     GL_ARB_vertex_program
 0:     GL_ARB_vertex_shader
 0:     GL_ARB_vertex_type_10f_11f_11f_rev
 0:     GL_ARB_vertex_type_2_10_10_10_rev
 0:     GL_ARB_viewport_array
 0:     GL_ARB_window_pos
 0:     GL_ATI_draw_buffers
 0:     GL_ATI_texture_float
 0:     GL_ATI_texture_mirror_once
 0:     GL_S3_s3tc
 0:     GL_EXT_texture_env_add
 0:     GL_EXT_abgr
 0:     GL_EXT_bgra
 0:     GL_EXT_bindable_uniform
 0:     GL_EXT_blend_color
 0:     GL_EXT_blend_equation_separate
 0:     GL_EXT_blend_func_separate
 0:     GL_EXT_blend_minmax
 0:     GL_EXT_blend_subtract
 0:     GL_EXT_compiled_vertex_array
 0:     GL_EXT_Cg_shader
 0:     GL_EXT_depth_bounds_test
 0:     GL_EXT_direct_state_access
 0:     GL_EXT_draw_buffers2
 0:     GL_EXT_draw_instanced
 0:     GL_EXT_draw_range_elements
 0:     GL_EXT_fog_coord
 0:     GL_EXT_framebuffer_blit
 0:     GL_EXT_framebuffer_multisample
 0:     GL_EXTX_framebuffer_mixed_formats
 0:     GL_EXT_framebuffer_multisample_blit_scaled
 0:     GL_EXT_framebuffer_object
 0:     GL_EXT_framebuffer_sRGB
 0:     GL_EXT_geometry_shader4
 0:     GL_EXT_gpu_program_parameters
 0:     GL_EXT_gpu_shader4
 0:     GL_EXT_multi_draw_arrays
 0:     GL_EXT_multiview_texture_multisample
 0:     GL_EXT_multiview_timer_query
 0:     GL_EXT_packed_depth_stencil
 0:     GL_EXT_packed_float
 0:     GL_EXT_packed_pixels
 0:     GL_EXT_pixel_buffer_object
 0:     GL_EXT_point_parameters
 0:     GL_EXT_polygon_offset_clamp
 0:     GL_EXT_post_depth_coverage
 0:     GL_EXT_provoking_vertex
 0:     GL_EXT_raster_multisample
 0:     GL_EXT_rescale_normal
 0:     GL_EXT_secondary_color
 0:     GL_EXT_separate_shader_objects
 0:     GL_EXT_separate_specular_color
 0:     GL_EXT_shader_image_load_formatted
 0:     GL_EXT_shader_image_load_store
 0:     GL_EXT_shader_integer_mix
 0:     GL_EXT_shadow_funcs
 0:     GL_EXT_sparse_texture2
 0:     GL_EXT_stencil_two_side
 0:     GL_EXT_stencil_wrap
 0:     GL_EXT_texture3D
 0:     GL_EXT_texture_array
 0:     GL_EXT_texture_buffer_object
 0:     GL_EXT_texture_compression_dxt1
 0:     GL_EXT_texture_compression_latc
 0:     GL_EXT_texture_compression_rgtc
 0:     GL_EXT_texture_compression_s3tc
 0:     GL_EXT_texture_cube_map
 0:     GL_EXT_texture_edge_clamp
 0:     GL_EXT_texture_env_combine
 0:     GL_EXT_texture_env_dot3
 0:     GL_EXT_texture_filter_anisotropic
 0:     GL_EXT_texture_filter_minmax
 0:     GL_EXT_texture_integer
 0:     GL_EXT_texture_lod
 0:     GL_EXT_texture_lod_bias
 0:     GL_EXT_texture_mirror_clamp
 0:     GL_EXT_texture_object
 0:     GL_EXT_texture_shadow_lod
 0:     GL_EXT_texture_shared_exponent
 0:     GL_EXT_texture_sRGB
 0:     GL_EXT_texture_sRGB_R8
 0:     GL_EXT_texture_sRGB_decode
 0:     GL_EXT_texture_storage
 0:     GL_EXT_texture_swizzle
 0:     GL_EXT_timer_query
 0:     GL_EXT_transform_feedback2
 0:     GL_EXT_vertex_array
 0:     GL_EXT_vertex_array_bgra
 0:     GL_EXT_vertex_attrib_64bit
 0:     GL_EXT_window_rectangles
 0:     GL_EXT_import_sync_object
 0:     GL_IBM_rasterpos_clip
 0:     GL_IBM_texture_mirrored_repeat
 0:     GL_KHR_context_flush_control
 0:     GL_KHR_debug
 0:     GL_EXT_memory_object
 0:     GL_EXT_memory_object_win32
 0:     GL_NV_memory_object_sparse
 0:     GL_EXT_win32_keyed_mutex
 0:     GL_KHR_parallel_shader_compile
 0:     GL_KHR_no_error
 0:     GL_KHR_robust_buffer_access_behavior
 0:     GL_KHR_robustness
 0:     GL_EXT_semaphore
 0:     GL_EXT_semaphore_win32
 0:     GL_NV_timeline_semaphore
 0:     GL_KHR_shader_subgroup
 0:     GL_KTX_buffer_region
 0:     GL_NV_alpha_to_coverage_dither_control
 0:     GL_NV_bindless_multi_draw_indirect
 0:     GL_NV_bindless_multi_draw_indirect_count
 0:     GL_NV_bindless_texture
 0:     GL_NV_blend_equation_advanced
 0:     GL_NV_blend_equation_advanced_coherent
 0:     GL_NVX_blend_equation_advanced_multi_draw_buffers
 0:     GL_NV_blend_minmax_factor
 0:     GL_NV_blend_square
 0:     GL_NV_clip_space_w_scaling
 0:     GL_NV_command_list
 0:     GL_NV_compute_program5
 0:     GL_NV_conditional_render
 0:     GL_NV_conservative_raster
 0:     GL_NV_conservative_raster_dilate
 0:     GL_NV_conservative_raster_pre_snap_triangles
 0:     GL_NV_copy_depth_to_color
 0:     GL_NV_copy_image
 0:     GL_NV_depth_buffer_float
 0:     GL_NV_depth_clamp
 0:     GL_NV_draw_texture
 0:     GL_NV_draw_vulkan_image
 0:     GL_NV_ES1_1_compatibility
 0:     GL_NV_ES3_1_compatibility
 0:     GL_NV_explicit_multisample
 0:     GL_NV_feature_query
 0:     GL_NV_fence
 0:     GL_NV_fill_rectangle
 0:     GL_NV_float_buffer
 0:     GL_NV_fog_distance
 0:     GL_NV_fragment_coverage_to_color
 0:     GL_NV_fragment_program
 0:     GL_NV_fragment_program_option
 0:     GL_NV_fragment_program2
 0:     GL_NV_fragment_shader_interlock
 0:     GL_NV_framebuffer_mixed_samples
 0:     GL_NV_framebuffer_multisample_coverage
 0:     GL_NV_geometry_shader4
 0:     GL_NV_geometry_shader_passthrough
 0:     GL_NV_gpu_program4
 0:     GL_NV_internalformat_sample_query
 0:     GL_NV_gpu_program4_1
 0:     GL_NV_gpu_program5
 0:     GL_NV_gpu_program5_mem_extended
 0:     GL_NV_gpu_program_fp64
 0:     GL_NV_gpu_shader5
 0:     GL_NV_half_float
 0:     GL_NV_light_max_exponent
 0:     GL_NV_memory_attachment
 0:     GL_NV_multisample_coverage
 0:     GL_NV_multisample_filter_hint
 0:     GL_NV_occlusion_query
 0:     GL_NV_packed_depth_stencil
 0:     GL_NV_parameter_buffer_object
 0:     GL_NV_parameter_buffer_object2
 0:     GL_NV_path_rendering
 0:     GL_NV_path_rendering_shared_edge
 0:     GL_NV_pixel_data_range
 0:     GL_NV_point_sprite
 0:     GL_NV_primitive_restart
 0:     GL_NV_query_resource
 0:     GL_NV_query_resource_tag
 0:     GL_NV_register_combiners
 0:     GL_NV_register_combiners2
 0:     GL_NV_sample_locations
 0:     GL_NV_sample_mask_override_coverage
 0:     GL_NV_shader_atomic_counters
 0:     GL_NV_shader_atomic_float
 0:     GL_NV_shader_atomic_float64
 0:     GL_NV_shader_atomic_fp16_vector
 0:     GL_NV_shader_atomic_int64
 0:     GL_NV_shader_buffer_load
 0:     GL_NV_shader_storage_buffer_object
 0:     GL_NV_shader_subgroup_partitioned
 0:     GL_NV_stereo_view_rendering
 0:     GL_NV_texgen_reflection
 0:     GL_NV_texture_barrier
 0:     GL_NV_texture_compression_vtc
 0:     GL_NV_texture_env_combine4
 0:     GL_NV_texture_multisample
 0:     GL_NV_texture_rectangle
 0:     GL_NV_texture_rectangle_compressed
 0:     GL_NV_texture_shader
 0:     GL_NV_texture_shader2
 0:     GL_NV_texture_shader3
 0:     GL_NV_transform_feedback
 0:     GL_NV_transform_feedback2
 0:     GL_NV_uniform_buffer_unified_memory
 0:     GL_NV_uniform_buffer_std430_layout
 0:     GL_NV_vertex_array_range
 0:     GL_NV_vertex_array_range2
 0:     GL_NV_vertex_attrib_integer_64bit
 0:     GL_NV_vertex_buffer_unified_memory
 0:     GL_NV_vertex_program
 0:     GL_NV_vertex_program1_1
 0:     GL_NV_vertex_program2
 0:     GL_NV_vertex_program2_option
 0:     GL_NV_vertex_program3
 0:     GL_NV_viewport_array2
 0:     GL_NV_viewport_swizzle
 0:     GL_NVX_conditional_render
 0:     GL_NVX_linked_gpu_multicast
 0:     GL_NV_gpu_multicast
 0:     GL_NVX_gpu_multicast2
 0:     GL_NVX_progress_fence
 0:     GL_NVX_gpu_memory_info
 0:     GL_NVX_multigpu_info
 0:     GL_NVX_nvenc_interop
 0:     GL_NV_shader_thread_group
 0:     GL_NV_shader_thread_shuffle
 0:     GL_KHR_blend_equation_advanced
 0:     GL_KHR_blend_equation_advanced_coherent
 0:     GL_OVR_multiview
 0:     GL_OVR_multiview2
 0:     GL_SGIS_generate_mipmap
 0:     GL_SGIS_texture_lod
 0:     GL_SGIX_depth_texture
 0:     GL_SGIX_shadow
 0:     GL_SUN_slice_accum
 0:     GL_WIN_swap_hint
 0:     WGL_EXT_swap_control
 0:   vendor:   "NVIDIA Corporation"
 0:   renderer: "NVIDIA GeForce GTX 1080 Ti/PCIe/SSE2"
 0:   version:  OpenGL 4.6.0 / GLSL 4.6.0  Core
 0:   probing paths for glvm
 0:     E:\Stuff\Git\AardvarkSandbox\bin\Debug\net6.0
 0:     C:\Users\pbrun\AppData\Local\Temp\aardvark-native\Aardvark.Rendering.GL-11362952-a4a0-f67f-1756-61424e5b81f8-64
 0:     C:\Users\pbrun\AppData\Local\Temp\aardvark-native\Aardvark.Assembler-d2b38959-68c0-cbcf-c3e4-1fc662610422-64
 0:     C:\Users\pbrun\AppData\Local\Temp\aardvark-native\Aardvark.Application.Slim-b74c47bd-3c69-720e-3bc7-c91f2911c2e2-64
 0:   [Introspection] loaded native library glvm from C:\Users\pbrun\AppData\Local\Temp\aardvark-native\Aardvark.Rendering.GL-11362952-a4a0-f67f-1756-61424e5b81f8-64\glvm.dll
 0:   probing paths for Opengl32
 0:     E:\Stuff\Git\AardvarkSandbox\bin\Debug\net6.0
 0:     C:\Users\pbrun\AppData\Local\Temp\aardvark-native\Aardvark.Rendering.GL-11362952-a4a0-f67f-1756-61424e5b81f8-64
 0:     C:\Users\pbrun\AppData\Local\Temp\aardvark-native\Aardvark.Assembler-d2b38959-68c0-cbcf-c3e4-1fc662610422-64
 0:     C:\Users\pbrun\AppData\Local\Temp\aardvark-native\Aardvark.Application.Slim-b74c47bd-3c69-720e-3bc7-c91f2911c2e2-64
 0:   [Introspection] loaded native library Opengl32.dll from Opengl32.dll
 0:   probing paths for opengl32
 0:     E:\Stuff\Git\AardvarkSandbox\bin\Debug\net6.0
 0:     C:\Users\pbrun\AppData\Local\Temp\aardvark-native\Aardvark.Rendering.GL-11362952-a4a0-f67f-1756-61424e5b81f8-64
 0:   [Introspection] loaded native library opengl32.dll from opengl32.dll
 0:   probing paths for kernel32
 0:     E:\Stuff\Git\AardvarkSandbox\bin\Debug\net6.0
 0:     C:\Users\pbrun\AppData\Local\Temp\aardvark-native\Aardvark.Rendering.GL-11362952-a4a0-f67f-1756-61424e5b81f8-64
 0:   [Introspection] loaded native library kernel32.dll from kernel32.dll
 0: initializing OpenGL runtime .......................................................... 0.023 s
 0: skipped LoadNativeDependencies for System.ObjectModel, Version=6.0.0.0, Culture=neutral, PublicKeyToken=b03f5f7f11d50a3a
 0: skipped LoadNativeDependencies for System.Runtime.Serialization.Primitives, Version=6.0.0.0, Culture=neutral, PublicKeyToken=b03f5f7f11d50a3a
